<?xml version="1.0" encoding="UTF-8"?>
<!-- Generated by org.testng.reporters.JUnitReportReporter -->
<testsuite hostname="laptop205" failures="0" tests="6" name="tests.LoginApp" time="0.017" errors="0" timestamp="01 feb 2023 17:16:16 GMT" skipped="1">
  <testcase classname="tests.LoginApp" name="webLoginCarLoan" time="0.001"/>
  <testcase classname="tests.LoginApp" name="validationData" time="0.001"/>
  <testcase classname="tests.LoginApp" name="apiLoginCarLoan" time="0.010"/>
  <testcase classname="tests.LoginApp" name="validationData" time="0.002"/>
  <testcase classname="tests.LoginApp" name="validationData" time="0.003"/>
  <testcase classname="tests.LoginApp" name="mobileLoginCarLoan">
    <skipped/>
  </testcase> <!-- mobileLoginCarLoan -->
</testsuite> <!-- tests.LoginApp -->
