<?xml version="1.0" encoding="UTF-8"?>
<!-- Generated by org.testng.reporters.JUnitReportReporter -->
<testsuite hostname="laptop205" failures="0" tests="1" name="borjaherranzmoral.ExtentReports.ExtentReportDemo" time="6.477" errors="0" timestamp="2023-02-11T12:33:08 CET" skipped="0">
  <testcase classname="borjaherranzmoral.ExtentReports.ExtentReportDemo" name="initialize" time="6.477"/>
  <system-out/>
</testsuite> <!-- borjaherranzmoral.ExtentReports.ExtentReportDemo -->
